Arguments: 
  /usr/local/bin/node /usr/local/bin/yarn add --dev husky lint-stage

PATH: 
  /Users/akoiliak/bin:/Users/akoiliak/Documents/Projects/oa-suite/scripts/bin:/usr/local/bin:/usr/bin:/bin:/usr/sbin:/sbin:/Library/Apple/usr/bin:/Users/akoiliak/.yarn/bin

Yarn version: 
  1.22.4

Node version: 
  14.17.6

Platform: 
  darwin x64

Trace: 
  Error: https://artifactory.eng.medallia.com/api/npm/virtual-npm/lint-stage: not_found
      at Request.params.callback [as _callback] (/usr/local/lib/node_modules/yarn/lib/cli.js:66987:18)
      at Request.self.callback (/usr/local/lib/node_modules/yarn/lib/cli.js:140748:22)
      at Request.emit (events.js:400:28)
      at Request.<anonymous> (/usr/local/lib/node_modules/yarn/lib/cli.js:141720:10)
      at Request.emit (events.js:400:28)
      at Gunzip.<anonymous> (/usr/local/lib/node_modules/yarn/lib/cli.js:141642:12)
      at Object.onceWrapper (events.js:519:28)
      at Gunzip.emit (events.js:400:28)
      at endReadableNT (internal/streams/readable.js:1317:12)
      at processTicksAndRejections (internal/process/task_queues.js:82:21)

npm manifest: 
  {
    "name": "@ds.e/scss",
    "version": "1.0.0",
    "description": "",
    "main": "index.js",
    "scripts": {
      "test": "echo \"Error: no test specified\" && exit 1",
      "lint": "stylelint './**/*.scss'",
      "lint:fix": "yarn lint --fix"
    },
    "keywords": [],
    "author": "",
    "license": "ISC",
    "dependencies": {
      "normalize-scss": "^7.0.1"
    },
    "devDependencies": {
      "prettier": "^2.5.1",
      "stylelint": "^14.3.0",
      "stylelint-config-prettier": "^9.0.3",
      "stylelint-config-sass-guidelines": "^9.0.1",
      "stylelint-prettier": "^2.0.0"
    }
  }

yarn manifest: 
  No manifest

Lockfile: 
  # THIS IS AN AUTOGENERATED FILE. DO NOT EDIT THIS FILE DIRECTLY.
  # yarn lockfile v1
  
  
  "@babel/code-frame@^7.0.0":
    version "7.16.7"
    resolved "https://artifactory.eng.medallia.com/api/npm/virtual-npm/@babel/code-frame/-/code-frame-7.16.7.tgz#44416b6bd7624b998f5b1af5d470856c40138789"
    integrity sha1-REFra9diS5mPWxr11HCFbEATh4k=
    dependencies:
      "@babel/highlight" "^7.16.7"
  
  "@babel/helper-validator-identifier@^7.16.7":
    version "7.16.7"
    resolved "https://artifactory.eng.medallia.com/api/npm/virtual-npm/@babel/helper-validator-identifier/-/helper-validator-identifier-7.16.7.tgz#e8c602438c4a8195751243da9031d1607d247cad"
    integrity sha1-6MYCQ4xKgZV1EkPakDHRYH0kfK0=
  
  "@babel/highlight@^7.16.7":
    version "7.16.10"
    resolved "https://artifactory.eng.medallia.com/api/npm/virtual-npm/@babel/highlight/-/highlight-7.16.10.tgz#744f2eb81579d6eea753c227b0f570ad785aba88"
    integrity sha1-dE8uuBV51u6nU8InsPVwrXhauog=
    dependencies:
      "@babel/helper-validator-identifier" "^7.16.7"
      chalk "^2.0.0"
      js-tokens "^4.0.0"
  
  "@nodelib/fs.scandir@2.1.5":
    version "2.1.5"
    resolved "https://artifactory.eng.medallia.com/api/npm/virtual-npm/@nodelib/fs.scandir/-/fs.scandir-2.1.5.tgz#7619c2eb21b25483f6d167548b4cfd5a7488c3d5"
    integrity sha1-dhnC6yGyVIP20WdUi0z9WnSIw9U=
    dependencies:
      "@nodelib/fs.stat" "2.0.5"
      run-parallel "^1.1.9"
  
  "@nodelib/fs.stat@2.0.5", "@nodelib/fs.stat@^2.0.2":
    version "2.0.5"
    resolved "https://artifactory.eng.medallia.com/api/npm/virtual-npm/@nodelib/fs.stat/-/fs.stat-2.0.5.tgz#5bd262af94e9d25bd1e71b05deed44876a222e8b"
    integrity sha1-W9Jir5Tp0lvR5xsF3u1Eh2oiLos=
  
  "@nodelib/fs.walk@^1.2.3":
    version "1.2.8"
    resolved "https://artifactory.eng.medallia.com/api/npm/virtual-npm/@nodelib/fs.walk/-/fs.walk-1.2.8.tgz#e95737e8bb6746ddedf69c556953494f196fe69a"
    integrity sha1-6Vc36LtnRt3t9pxVaVNJTxlv5po=
    dependencies:
      "@nodelib/fs.scandir" "2.1.5"
      fastq "^1.6.0"
  
  "@types/minimist@^1.2.0":
    version "1.2.2"
    resolved "https://artifactory.eng.medallia.com/api/npm/virtual-npm/@types/minimist/-/minimist-1.2.2.tgz#ee771e2ba4b3dc5b372935d549fd9617bf345b8c"
    integrity sha1-7nceK6Sz3Fs3KTXVSf2WF780W4w=
  
  "@types/normalize-package-data@^2.4.0":
    version "2.4.1"
    resolved "https://artifactory.eng.medallia.com/api/npm/virtual-npm/@types/normalize-package-data/-/normalize-package-data-2.4.1.tgz#d3357479a0fdfdd5907fe67e17e0a85c906e1301"
    integrity sha1-0zV0eaD9/dWQf+Z+F+CoXJBuEwE=
  
  "@types/parse-json@^4.0.0":
    version "4.0.0"
    resolved "https://artifactory.eng.medallia.com/api/npm/virtual-npm/@types/parse-json/-/parse-json-4.0.0.tgz#2f8bb441434d163b35fb8ffdccd7138927ffb8c0"
    integrity sha1-L4u0QUNNFjs1+4/9zNcTiSf/uMA=
  
  ajv@^8.0.1:
    version "8.9.0"
    resolved "https://artifactory.eng.medallia.com/api/npm/virtual-npm/ajv/-/ajv-8.9.0.tgz#738019146638824dea25edcf299dcba1b0e7eb18"
    integrity sha1-c4AZFGY4gk3qJe3PKZ3LobDn6xg=
    dependencies:
      fast-deep-equal "^3.1.1"
      json-schema-traverse "^1.0.0"
      require-from-string "^2.0.2"
      uri-js "^4.2.2"
  
  ansi-regex@^5.0.1:
    version "5.0.1"
    resolved "https://artifactory.eng.medallia.com/api/npm/virtual-npm/ansi-regex/-/ansi-regex-5.0.1.tgz#082cb2c89c9fe8659a311a53bd6a4dc5301db304"
    integrity sha1-CCyyyJyf6GWaMRpTvWpNxTAdswQ=
  
  ansi-styles@^3.2.1:
    version "3.2.1"
    resolved "https://artifactory.eng.medallia.com/api/npm/virtual-npm/ansi-styles/-/ansi-styles-3.2.1.tgz#41fbb20243e50b12be0f04b8dedbf07520ce841d"
    integrity sha1-QfuyAkPlCxK+DwS43tvwdSDOhB0=
    dependencies:
      color-convert "^1.9.0"
  
  ansi-styles@^4.0.0:
    version "4.3.0"
    resolved "https://artifactory.eng.medallia.com/api/npm/virtual-npm/ansi-styles/-/ansi-styles-4.3.0.tgz#edd803628ae71c04c85ae7a0906edad34b648937"
    integrity sha1-7dgDYornHATIWuegkG7a00tkiTc=
    dependencies:
      color-convert "^2.0.1"
  
  array-union@^2.1.0:
    version "2.1.0"
    resolved "https://artifactory.eng.medallia.com/api/npm/virtual-npm/array-union/-/array-union-2.1.0.tgz#b798420adbeb1de828d84acd8a2e23d3efe85e8d"
    integrity sha1-t5hCCtvrHego2ErNii4j0+/oXo0=
  
  arrify@^1.0.1:
    version "1.0.1"
    resolved "https://artifactory.eng.medallia.com/api/npm/virtual-npm/arrify/-/arrify-1.0.1.tgz#898508da2226f380df904728456849c1501a4b0d"
    integrity sha1-iYUI2iIm84DfkEcoRWhJwVAaSw0=
  
  astral-regex@^2.0.0:
    version "2.0.0"
    resolved "https://artifactory.eng.medallia.com/api/npm/virtual-npm/astral-regex/-/astral-regex-2.0.0.tgz#483143c567aeed4785759c0865786dc77d7d2e31"
    integrity sha1-SDFDxWeu7UeFdZwIZXhtx319LjE=
  
  balanced-match@^1.0.0:
    version "1.0.2"
    resolved "https://artifactory.eng.medallia.com/api/npm/virtual-npm/balanced-match/-/balanced-match-1.0.2.tgz#e83e3a7e3f300b34cb9d87f615fa0cbf357690ee"
    integrity sha1-6D46fj8wCzTLnYf2FfoMvzV2kO4=
  
  balanced-match@^2.0.0:
    version "2.0.0"
    resolved "https://artifactory.eng.medallia.com/api/npm/virtual-npm/balanced-match/-/balanced-match-2.0.0.tgz#dc70f920d78db8b858535795867bf48f820633d9"
    integrity sha1-3HD5INeNuLhYU1eVhnv0j4IGM9k=
  
  brace-expansion@^1.1.7:
    version "1.1.11"
    resolved "https://artifactory.eng.medallia.com/api/npm/virtual-npm/brace-expansion/-/brace-expansion-1.1.11.tgz#3c7fcbf529d87226f3d2f52b966ff5271eb441dd"
    integrity sha1-PH/L9SnYcibz0vUrlm/1Jx60Qd0=
    dependencies:
      balanced-match "^1.0.0"
      concat-map "0.0.1"
  
  braces@^3.0.1:
    version "3.0.2"
    resolved "https://artifactory.eng.medallia.com/api/npm/virtual-npm/braces/-/braces-3.0.2.tgz#3454e1a462ee8d599e236df336cd9ea4f8afe107"
    integrity sha1-NFThpGLujVmeI23zNs2epPiv4Qc=
    dependencies:
      fill-range "^7.0.1"
  
  callsites@^3.0.0:
    version "3.1.0"
    resolved "https://artifactory.eng.medallia.com/api/npm/virtual-npm/callsites/-/callsites-3.1.0.tgz#b3630abd8943432f54b3f0519238e33cd7df2f73"
    integrity sha1-s2MKvYlDQy9Us/BRkjjjPNffL3M=
  
  camelcase-keys@^6.2.2:
    version "6.2.2"
    resolved "https://artifactory.eng.medallia.com/api/npm/virtual-npm/camelcase-keys/-/camelcase-keys-6.2.2.tgz#5e755d6ba51aa223ec7d3d52f25778210f9dc3c0"
    integrity sha1-XnVda6UaoiPsfT1S8ld4IQ+dw8A=
    dependencies:
      camelcase "^5.3.1"
      map-obj "^4.0.0"
      quick-lru "^4.0.1"
  
  camelcase@^5.3.1:
    version "5.3.1"
    resolved "https://artifactory.eng.medallia.com/api/npm/virtual-npm/camelcase/-/camelcase-5.3.1.tgz#e3c9b31569e106811df242f715725a1f4c494320"
    integrity sha1-48mzFWnhBoEd8kL3FXJaH0xJQyA=
  
  chalk@^2.0.0:
    version "2.4.2"
    resolved "https://artifactory.eng.medallia.com/api/npm/virtual-npm/chalk/-/chalk-2.4.2.tgz#cd42541677a54333cf541a49108c1432b44c9424"
    integrity sha1-zUJUFnelQzPPVBpJEIwUMrRMlCQ=
    dependencies:
      ansi-styles "^3.2.1"
      escape-string-regexp "^1.0.5"
      supports-color "^5.3.0"
  
  clone-regexp@^2.1.0:
    version "2.2.0"
    resolved "https://artifactory.eng.medallia.com/api/npm/virtual-npm/clone-regexp/-/clone-regexp-2.2.0.tgz#7d65e00885cd8796405c35a737e7a86b7429e36f"
    integrity sha1-fWXgCIXNh5ZAXDWnN+eoa3Qp428=
    dependencies:
      is-regexp "^2.0.0"
  
  color-convert@^1.9.0:
    version "1.9.3"
    resolved "https://artifactory.eng.medallia.com/api/npm/virtual-npm/color-convert/-/color-convert-1.9.3.tgz#bb71850690e1f136567de629d2d5471deda4c1e8"
    integrity sha1-u3GFBpDh8TZWfeYp0tVHHe2kweg=
    dependencies:
      color-name "1.1.3"
  
  color-convert@^2.0.1:
    version "2.0.1"
    resolved "https://artifactory.eng.medallia.com/api/npm/virtual-npm/color-convert/-/color-convert-2.0.1.tgz#72d3a68d598c9bdb3af2ad1e84f21d896abd4de3"
    integrity sha1-ctOmjVmMm9s68q0ehPIdiWq9TeM=
    dependencies:
      color-name "~1.1.4"
  
  color-name@1.1.3:
    version "1.1.3"
    resolved "https://artifactory.eng.medallia.com/api/npm/virtual-npm/color-name/-/color-name-1.1.3.tgz#a7d0558bd89c42f795dd42328f740831ca53bc25"
    integrity sha1-p9BVi9icQveV3UIyj3QIMcpTvCU=
  
  color-name@~1.1.4:
    version "1.1.4"
    resolved "https://artifactory.eng.medallia.com/api/npm/virtual-npm/color-name/-/color-name-1.1.4.tgz#c2a09a87acbde69543de6f63fa3995c826c536a2"
    integrity sha1-wqCah6y95pVD3m9j+jmVyCbFNqI=
  
  colord@^2.9.2:
    version "2.9.2"
    resolved "https://artifactory.eng.medallia.com/api/npm/virtual-npm/colord/-/colord-2.9.2.tgz#25e2bacbbaa65991422c07ea209e2089428effb1"
    integrity sha1-JeK6y7qmWZFCLAfqIJ4giUKO/7E=
  
  concat-map@0.0.1:
    version "0.0.1"
    resolved "https://artifactory.eng.medallia.com/api/npm/virtual-npm/concat-map/-/concat-map-0.0.1.tgz#d8a96bd77fd68df7793a73036a3ba0d5405d477b"
    integrity sha1-2Klr13/Wjfd5OnMDajug1UBdR3s=
  
  cosmiconfig@^7.0.1:
    version "7.0.1"
    resolved "https://artifactory.eng.medallia.com/api/npm/virtual-npm/cosmiconfig/-/cosmiconfig-7.0.1.tgz#714d756522cace867867ccb4474c5d01bbae5d6d"
    integrity sha1-cU11ZSLKzoZ4Z8y0R0xdAbuuXW0=
    dependencies:
      "@types/parse-json" "^4.0.0"
      import-fresh "^3.2.1"
      parse-json "^5.0.0"
      path-type "^4.0.0"
      yaml "^1.10.0"
  
  cssesc@^3.0.0:
    version "3.0.0"
    resolved "https://artifactory.eng.medallia.com/api/npm/virtual-npm/cssesc/-/cssesc-3.0.0.tgz#37741919903b868565e1c09ea747445cd18983ee"
    integrity sha1-N3QZGZA7hoVl4cCep0dEXNGJg+4=
  
  debug@^4.3.3:
    version "4.3.3"
    resolved "https://artifactory.eng.medallia.com/api/npm/virtual-npm/debug/-/debug-4.3.3.tgz#04266e0b70a98d4462e6e288e38259213332b664"
    integrity sha1-BCZuC3CpjURi5uKI44JZITMytmQ=
    dependencies:
      ms "2.1.2"
  
  decamelize-keys@^1.1.0:
    version "1.1.0"
    resolved "https://artifactory.eng.medallia.com/api/npm/virtual-npm/decamelize-keys/-/decamelize-keys-1.1.0.tgz#d171a87933252807eb3cb61dc1c1445d078df2d9"
    integrity sha1-0XGoeTMlKAfrPLYdwcFEXQeN8tk=
    dependencies:
      decamelize "^1.1.0"
      map-obj "^1.0.0"
  
  decamelize@^1.1.0, decamelize@^1.2.0:
    version "1.2.0"
    resolved "https://artifactory.eng.medallia.com/api/npm/virtual-npm/decamelize/-/decamelize-1.2.0.tgz#f6534d15148269b20352e7bee26f501f9a191290"
    integrity sha1-9lNNFRSCabIDUue+4m9QH5oZEpA=
  
  dir-glob@^3.0.1:
    version "3.0.1"
    resolved "https://artifactory.eng.medallia.com/api/npm/virtual-npm/dir-glob/-/dir-glob-3.0.1.tgz#56dbf73d992a4a93ba1584f4534063fd2e41717f"
    integrity sha1-Vtv3PZkqSpO6FYT0U0Bj/S5BcX8=
    dependencies:
      path-type "^4.0.0"
  
  emoji-regex@^8.0.0:
    version "8.0.0"
    resolved "https://artifactory.eng.medallia.com/api/npm/virtual-npm/emoji-regex/-/emoji-regex-8.0.0.tgz#e818fd69ce5ccfcb404594f842963bf53164cc37"
    integrity sha1-6Bj9ac5cz8tARZT4QpY79TFkzDc=
  
  error-ex@^1.3.1:
    version "1.3.2"
    resolved "https://artifactory.eng.medallia.com/api/npm/virtual-npm/error-ex/-/error-ex-1.3.2.tgz#b4ac40648107fdcdcfae242f428bea8a14d4f1bf"
    integrity sha1-tKxAZIEH/c3PriQvQovqihTU8b8=
    dependencies:
      is-arrayish "^0.2.1"
  
  escape-string-regexp@^1.0.5:
    version "1.0.5"
    resolved "https://artifactory.eng.medallia.com/api/npm/virtual-npm/escape-string-regexp/-/escape-string-regexp-1.0.5.tgz#1b61c0562190a8dff6ae3bb2cf0200ca130b86d4"
    integrity sha1-G2HAViGQqN/2rjuyzwIAyhMLhtQ=
  
  execall@^2.0.0:
    version "2.0.0"
    resolved "https://artifactory.eng.medallia.com/api/npm/virtual-npm/execall/-/execall-2.0.0.tgz#16a06b5fe5099df7d00be5d9c06eecded1663b45"
    integrity sha1-FqBrX+UJnffQC+XZwG7s3tFmO0U=
    dependencies:
      clone-regexp "^2.1.0"
  
  fast-deep-equal@^3.1.1:
    version "3.1.3"
    resolved "https://artifactory.eng.medallia.com/api/npm/virtual-npm/fast-deep-equal/-/fast-deep-equal-3.1.3.tgz#3a7d56b559d6cbc3eb512325244e619a65c6c525"
    integrity sha1-On1WtVnWy8PrUSMlJE5hmmXGxSU=
  
  fast-diff@^1.1.2:
    version "1.2.0"
    resolved "https://artifactory.eng.medallia.com/api/npm/virtual-npm/fast-diff/-/fast-diff-1.2.0.tgz#73ee11982d86caaf7959828d519cfe927fac5f03"
    integrity sha1-c+4RmC2Gyq95WYKNUZz+kn+sXwM=
  
  fast-glob@^3.2.11, fast-glob@^3.2.9:
    version "3.2.11"
    resolved "https://artifactory.eng.medallia.com/api/npm/virtual-npm/fast-glob/-/fast-glob-3.2.11.tgz#a1172ad95ceb8a16e20caa5c5e56480e5129c1d9"
    integrity sha1-oRcq2VzrihbiDKpcXlZIDlEpwdk=
    dependencies:
      "@nodelib/fs.stat" "^2.0.2"
      "@nodelib/fs.walk" "^1.2.3"
      glob-parent "^5.1.2"
      merge2 "^1.3.0"
      micromatch "^4.0.4"
  
  fastest-levenshtein@^1.0.12:
    version "1.0.12"
    resolved "https://artifactory.eng.medallia.com/api/npm/virtual-npm/fastest-levenshtein/-/fastest-levenshtein-1.0.12.tgz#9990f7d3a88cc5a9ffd1f1745745251700d497e2"
    integrity sha1-mZD306iMxan/0fF0V0UlFwDUl+I=
  
  fastq@^1.6.0:
    version "1.13.0"
    resolved "https://artifactory.eng.medallia.com/api/npm/virtual-npm/fastq/-/fastq-1.13.0.tgz#616760f88a7526bdfc596b7cab8c18938c36b98c"
    integrity sha1-YWdg+Ip1Jr38WWt8q4wYk4w2uYw=
    dependencies:
      reusify "^1.0.4"
  
  file-entry-cache@^6.0.1:
    version "6.0.1"
    resolved "https://artifactory.eng.medallia.com/api/npm/virtual-npm/file-entry-cache/-/file-entry-cache-6.0.1.tgz#211b2dd9659cb0394b073e7323ac3c933d522027"
    integrity sha1-IRst2WWcsDlLBz5zI6w8kz1SICc=
    dependencies:
      flat-cache "^3.0.4"
  
  fill-range@^7.0.1:
    version "7.0.1"
    resolved "https://artifactory.eng.medallia.com/api/npm/virtual-npm/fill-range/-/fill-range-7.0.1.tgz#1919a6a7c75fe38b2c7c77e5198535da9acdda40"
    integrity sha1-GRmmp8df44ssfHflGYU12prN2kA=
    dependencies:
      to-regex-range "^5.0.1"
  
  find-up@^4.1.0:
    version "4.1.0"
    resolved "https://artifactory.eng.medallia.com/api/npm/virtual-npm/find-up/-/find-up-4.1.0.tgz#97afe7d6cdc0bc5928584b7c8d7b16e8a9aa5d19"
    integrity sha1-l6/n1s3AvFkoWEt8jXsW6KmqXRk=
    dependencies:
      locate-path "^5.0.0"
      path-exists "^4.0.0"
  
  flat-cache@^3.0.4:
    version "3.0.4"
    resolved "https://artifactory.eng.medallia.com/api/npm/virtual-npm/flat-cache/-/flat-cache-3.0.4.tgz#61b0338302b2fe9f957dcc32fc2a87f1c3048b11"
    integrity sha1-YbAzgwKy/p+Vfcwy/CqH8cMEixE=
    dependencies:
      flatted "^3.1.0"
      rimraf "^3.0.2"
  
  flatted@^3.1.0:
    version "3.2.4"
    resolved "https://artifactory.eng.medallia.com/api/npm/virtual-npm/flatted/-/flatted-3.2.4.tgz#28d9969ea90661b5134259f312ab6aa7929ac5e2"
    integrity sha1-KNmWnqkGYbUTQlnzEqtqp5KaxeI=
  
  fs.realpath@^1.0.0:
    version "1.0.0"
    resolved "https://artifactory.eng.medallia.com/api/npm/virtual-npm/fs.realpath/-/fs.realpath-1.0.0.tgz#1504ad2523158caa40db4a2787cb01411994ea4f"
    integrity sha1-FQStJSMVjKpA20onh8sBQRmU6k8=
  
  function-bind@^1.1.1:
    version "1.1.1"
    resolved "https://artifactory.eng.medallia.com/api/npm/virtual-npm/function-bind/-/function-bind-1.1.1.tgz#a56899d3ea3c9bab874bb9773b7c5ede92f4895d"
    integrity sha1-pWiZ0+o8m6uHS7l3O3xe3pL0iV0=
  
  get-stdin@^8.0.0:
    version "8.0.0"
    resolved "https://artifactory.eng.medallia.com/api/npm/virtual-npm/get-stdin/-/get-stdin-8.0.0.tgz#cbad6a73feb75f6eeb22ba9e01f89aa28aa97a53"
    integrity sha1-y61qc/63X27rIrqeAfiaooqpelM=
  
  glob-parent@^5.1.2:
    version "5.1.2"
    resolved "https://artifactory.eng.medallia.com/api/npm/virtual-npm/glob-parent/-/glob-parent-5.1.2.tgz#869832c58034fe68a4093c17dc15e8340d8401c4"
    integrity sha1-hpgyxYA0/mikCTwX3BXoNA2EAcQ=
    dependencies:
      is-glob "^4.0.1"
  
  glob@^7.1.3:
    version "7.2.0"
    resolved "https://artifactory.eng.medallia.com/api/npm/virtual-npm/glob/-/glob-7.2.0.tgz#d15535af7732e02e948f4c41628bd910293f6023"
    integrity sha1-0VU1r3cy4C6Uj0xBYovZECk/YCM=
    dependencies:
      fs.realpath "^1.0.0"
      inflight "^1.0.4"
      inherits "2"
      minimatch "^3.0.4"
      once "^1.3.0"
      path-is-absolute "^1.0.0"
  
  global-modules@^2.0.0:
    version "2.0.0"
    resolved "https://artifactory.eng.medallia.com/api/npm/virtual-npm/global-modules/-/global-modules-2.0.0.tgz#997605ad2345f27f51539bea26574421215c7780"
    integrity sha1-mXYFrSNF8n9RU5vqJldEISFcd4A=
    dependencies:
      global-prefix "^3.0.0"
  
  global-prefix@^3.0.0:
    version "3.0.0"
    resolved "https://artifactory.eng.medallia.com/api/npm/virtual-npm/global-prefix/-/global-prefix-3.0.0.tgz#fc85f73064df69f50421f47f883fe5b913ba9b97"
    integrity sha1-/IX3MGTfafUEIfR/iD/luRO6m5c=
    dependencies:
      ini "^1.3.5"
      kind-of "^6.0.2"
      which "^1.3.1"
  
  globby@^11.1.0:
    version "11.1.0"
    resolved "https://artifactory.eng.medallia.com/api/npm/virtual-npm/globby/-/globby-11.1.0.tgz#bd4be98bb042f83d796f7e3811991fbe82a0d34b"
    integrity sha1-vUvpi7BC+D15b344EZkfvoKg00s=
    dependencies:
      array-union "^2.1.0"
      dir-glob "^3.0.1"
      fast-glob "^3.2.9"
      ignore "^5.2.0"
      merge2 "^1.4.1"
      slash "^3.0.0"
  
  globjoin@^0.1.4:
    version "0.1.4"
    resolved "https://artifactory.eng.medallia.com/api/npm/virtual-npm/globjoin/-/globjoin-0.1.4.tgz#2f4494ac8919e3767c5cbb691e9f463324285d43"
    integrity sha1-L0SUrIkZ43Z8XLtpHp9GMyQoXUM=
  
  hard-rejection@^2.1.0:
    version "2.1.0"
    resolved "https://artifactory.eng.medallia.com/api/npm/virtual-npm/hard-rejection/-/hard-rejection-2.1.0.tgz#1c6eda5c1685c63942766d79bb40ae773cecd883"
    integrity sha1-HG7aXBaFxjlCdm15u0Cudzzs2IM=
  
  has-flag@^3.0.0:
    version "3.0.0"
    resolved "https://artifactory.eng.medallia.com/api/npm/virtual-npm/has-flag/-/has-flag-3.0.0.tgz#b5d454dc2199ae225699f3467e5a07f3b955bafd"
    integrity sha1-tdRU3CGZriJWmfNGfloH87lVuv0=
  
  has-flag@^4.0.0:
    version "4.0.0"
    resolved "https://artifactory.eng.medallia.com/api/npm/virtual-npm/has-flag/-/has-flag-4.0.0.tgz#944771fd9c81c81265c4d6941860da06bb59479b"
    integrity sha1-lEdx/ZyByBJlxNaUGGDaBrtZR5s=
  
  has@^1.0.3:
    version "1.0.3"
    resolved "https://artifactory.eng.medallia.com/api/npm/virtual-npm/has/-/has-1.0.3.tgz#722d7cbfc1f6aa8241f16dd814e011e1f41e8796"
    integrity sha1-ci18v8H2qoJB8W3YFOAR4fQeh5Y=
    dependencies:
      function-bind "^1.1.1"
  
  hosted-git-info@^2.1.4:
    version "2.8.9"
    resolved "https://artifactory.eng.medallia.com/api/npm/virtual-npm/hosted-git-info/-/hosted-git-info-2.8.9.tgz#dffc0bf9a21c02209090f2aa69429e1414daf3f9"
    integrity sha1-3/wL+aIcAiCQkPKqaUKeFBTa8/k=
  
  hosted-git-info@^4.0.1:
    version "4.1.0"
    resolved "https://artifactory.eng.medallia.com/api/npm/virtual-npm/hosted-git-info/-/hosted-git-info-4.1.0.tgz#827b82867e9ff1c8d0c4d9d53880397d2c86d224"
    integrity sha1-gnuChn6f8cjQxNnVOIA5fSyG0iQ=
    dependencies:
      lru-cache "^6.0.0"
  
  html-tags@^3.1.0:
    version "3.1.0"
    resolved "https://artifactory.eng.medallia.com/api/npm/virtual-npm/html-tags/-/html-tags-3.1.0.tgz#7b5e6f7e665e9fb41f30007ed9e0d41e97fb2140"
    integrity sha1-e15vfmZen7QfMAB+2eDUHpf7IUA=
  
  ignore@^5.2.0:
    version "5.2.0"
    resolved "https://artifactory.eng.medallia.com/api/npm/virtual-npm/ignore/-/ignore-5.2.0.tgz#6d3bac8fa7fe0d45d9f9be7bac2fc279577e345a"
    integrity sha1-bTusj6f+DUXZ+b57rC/CeVd+NFo=
  
  import-fresh@^3.2.1:
    version "3.3.0"
    resolved "https://artifactory.eng.medallia.com/api/npm/virtual-npm/import-fresh/-/import-fresh-3.3.0.tgz#37162c25fcb9ebaa2e6e53d5b4d88ce17d9e0c2b"
    integrity sha1-NxYsJfy566oublPVtNiM4X2eDCs=
    dependencies:
      parent-module "^1.0.0"
      resolve-from "^4.0.0"
  
  import-lazy@^4.0.0:
    version "4.0.0"
    resolved "https://artifactory.eng.medallia.com/api/npm/virtual-npm/import-lazy/-/import-lazy-4.0.0.tgz#e8eb627483a0a43da3c03f3e35548be5cb0cc153"
    integrity sha1-6OtidIOgpD2jwD8+NVSL5csMwVM=
  
  imurmurhash@^0.1.4:
    version "0.1.4"
    resolved "https://artifactory.eng.medallia.com/api/npm/virtual-npm/imurmurhash/-/imurmurhash-0.1.4.tgz#9218b9b2b928a238b13dc4fb6b6d576f231453ea"
    integrity sha1-khi5srkoojixPcT7a21XbyMUU+o=
  
  indent-string@^4.0.0:
    version "4.0.0"
    resolved "https://artifactory.eng.medallia.com/api/npm/virtual-npm/indent-string/-/indent-string-4.0.0.tgz#624f8f4497d619b2d9768531d58f4122854d7251"
    integrity sha1-Yk+PRJfWGbLZdoUx1Y9BIoVNclE=
  
  inflight@^1.0.4:
    version "1.0.6"
    resolved "https://artifactory.eng.medallia.com/api/npm/virtual-npm/inflight/-/inflight-1.0.6.tgz#49bd6331d7d02d0c09bc910a1075ba8165b56df9"
    integrity sha1-Sb1jMdfQLQwJvJEKEHW6gWW1bfk=
    dependencies:
      once "^1.3.0"
      wrappy "1"
  
  inherits@2:
    version "2.0.4"
    resolved "https://artifactory.eng.medallia.com/api/npm/virtual-npm/inherits/-/inherits-2.0.4.tgz#0fa2c64f932917c3433a0ded55363aae37416b7c"
    integrity sha1-D6LGT5MpF8NDOg3tVTY6rjdBa3w=
  
  ini@^1.3.5:
    version "1.3.8"
    resolved "https://artifactory.eng.medallia.com/api/npm/virtual-npm/ini/-/ini-1.3.8.tgz#a29da425b48806f34767a4efce397269af28432c"
    integrity sha1-op2kJbSIBvNHZ6Tvzjlyaa8oQyw=
  
  is-arrayish@^0.2.1:
    version "0.2.1"
    resolved "https://artifactory.eng.medallia.com/api/npm/virtual-npm/is-arrayish/-/is-arrayish-0.2.1.tgz#77c99840527aa8ecb1a8ba697b80645a7a926a9d"
    integrity sha1-d8mYQFJ6qOyxqLppe4BkWnqSap0=
  
  is-core-module@^2.5.0, is-core-module@^2.8.1:
    version "2.8.1"
    resolved "https://artifactory.eng.medallia.com/api/npm/virtual-npm/is-core-module/-/is-core-module-2.8.1.tgz#f59fdfca701d5879d0a6b100a40aa1560ce27211"
    integrity sha1-9Z/fynAdWHnQprEApAqhVgzichE=
    dependencies:
      has "^1.0.3"
  
  is-extglob@^2.1.1:
    version "2.1.1"
    resolved "https://artifactory.eng.medallia.com/api/npm/virtual-npm/is-extglob/-/is-extglob-2.1.1.tgz#a88c02535791f02ed37c76a1b9ea9773c833f8c2"
    integrity sha1-qIwCU1eR8C7TfHahueqXc8gz+MI=
  
  is-fullwidth-code-point@^3.0.0:
    version "3.0.0"
    resolved "https://artifactory.eng.medallia.com/api/npm/virtual-npm/is-fullwidth-code-point/-/is-fullwidth-code-point-3.0.0.tgz#f116f8064fe90b3f7844a38997c0b75051269f1d"
    integrity sha1-8Rb4Bk/pCz94RKOJl8C3UFEmnx0=
  
  is-glob@^4.0.1:
    version "4.0.3"
    resolved "https://artifactory.eng.medallia.com/api/npm/virtual-npm/is-glob/-/is-glob-4.0.3.tgz#64f61e42cbbb2eec2071a9dac0b28ba1e65d5084"
    integrity sha1-ZPYeQsu7LuwgcanawLKLoeZdUIQ=
    dependencies:
      is-extglob "^2.1.1"
  
  is-number@^7.0.0:
    version "7.0.0"
    resolved "https://artifactory.eng.medallia.com/api/npm/virtual-npm/is-number/-/is-number-7.0.0.tgz#7535345b896734d5f80c4d06c50955527a14f12b"
    integrity sha1-dTU0W4lnNNX4DE0GxQlVUnoU8Ss=
  
  is-plain-obj@^1.1.0:
    version "1.1.0"
    resolved "https://artifactory.eng.medallia.com/api/npm/virtual-npm/is-plain-obj/-/is-plain-obj-1.1.0.tgz#71a50c8429dfca773c92a390a4a03b39fcd51d3e"
    integrity sha1-caUMhCnfync8kqOQpKA7OfzVHT4=
  
  is-plain-object@^5.0.0:
    version "5.0.0"
    resolved "https://artifactory.eng.medallia.com/api/npm/virtual-npm/is-plain-object/-/is-plain-object-5.0.0.tgz#4427f50ab3429e9025ea7d52e9043a9ef4159344"
    integrity sha1-RCf1CrNCnpAl6n1S6QQ6nvQVk0Q=
  
  is-regexp@^2.0.0:
    version "2.1.0"
    resolved "https://artifactory.eng.medallia.com/api/npm/virtual-npm/is-regexp/-/is-regexp-2.1.0.tgz#cd734a56864e23b956bf4e7c66c396a4c0b22c2d"
    integrity sha1-zXNKVoZOI7lWv058ZsOWpMCyLC0=
  
  is-typedarray@^1.0.0:
    version "1.0.0"
    resolved "https://artifactory.eng.medallia.com/api/npm/virtual-npm/is-typedarray/-/is-typedarray-1.0.0.tgz#e479c80858df0c1b11ddda6940f96011fcda4a9a"
    integrity sha1-5HnICFjfDBsR3dppQPlgEfzaSpo=
  
  isexe@^2.0.0:
    version "2.0.0"
    resolved "https://artifactory.eng.medallia.com/api/npm/virtual-npm/isexe/-/isexe-2.0.0.tgz#e8fbf374dc556ff8947a10dcb0572d633f2cfa10"
    integrity sha1-6PvzdNxVb/iUehDcsFctYz8s+hA=
  
  js-tokens@^4.0.0:
    version "4.0.0"
    resolved "https://artifactory.eng.medallia.com/api/npm/virtual-npm/js-tokens/-/js-tokens-4.0.0.tgz#19203fb59991df98e3a287050d4647cdeaf32499"
    integrity sha1-GSA/tZmR35jjoocFDUZHzerzJJk=
  
  json-parse-even-better-errors@^2.3.0:
    version "2.3.1"
    resolved "https://artifactory.eng.medallia.com/api/npm/virtual-npm/json-parse-even-better-errors/-/json-parse-even-better-errors-2.3.1.tgz#7c47805a94319928e05777405dc12e1f7a4ee02d"
    integrity sha1-fEeAWpQxmSjgV3dAXcEuH3pO4C0=
  
  json-schema-traverse@^1.0.0:
    version "1.0.0"
    resolved "https://artifactory.eng.medallia.com/api/npm/virtual-npm/json-schema-traverse/-/json-schema-traverse-1.0.0.tgz#ae7bcb3656ab77a73ba5c49bf654f38e6b6860e2"
    integrity sha1-rnvLNlard6c7pcSb9lTzjmtoYOI=
  
  kind-of@^6.0.2, kind-of@^6.0.3:
    version "6.0.3"
    resolved "https://artifactory.eng.medallia.com/api/npm/virtual-npm/kind-of/-/kind-of-6.0.3.tgz#07c05034a6c349fa06e24fa35aa76db4580ce4dd"
    integrity sha1-B8BQNKbDSfoG4k+jWqdttFgM5N0=
  
  known-css-properties@^0.24.0:
    version "0.24.0"
    resolved "https://artifactory.eng.medallia.com/api/npm/virtual-npm/known-css-properties/-/known-css-properties-0.24.0.tgz#19aefd85003ae5698a5560d2b55135bf5432155c"
    integrity sha1-Ga79hQA65WmKVWDStVE1v1QyFVw=
  
  lines-and-columns@^1.1.6:
    version "1.2.4"
    resolved "https://artifactory.eng.medallia.com/api/npm/virtual-npm/lines-and-columns/-/lines-and-columns-1.2.4.tgz#eca284f75d2965079309dc0ad9255abb2ebc1632"
    integrity sha1-7KKE910pZQeTCdwK2SVauy68FjI=
  
  locate-path@^5.0.0:
    version "5.0.0"
    resolved "https://artifactory.eng.medallia.com/api/npm/virtual-npm/locate-path/-/locate-path-5.0.0.tgz#1afba396afd676a6d42504d0a67a3a7eb9f62aa0"
    integrity sha1-Gvujlq/WdqbUJQTQpno6frn2KqA=
    dependencies:
      p-locate "^4.1.0"
  
  lodash.truncate@^4.4.2:
    version "4.4.2"
    resolved "https://artifactory.eng.medallia.com/api/npm/virtual-npm/lodash.truncate/-/lodash.truncate-4.4.2.tgz#5a350da0b1113b837ecfffd5812cbe58d6eae193"
    integrity sha1-WjUNoLERO4N+z//VgSy+WNbq4ZM=
  
  lodash@^4.17.21:
    version "4.17.21"
    resolved "https://artifactory.eng.medallia.com/api/npm/virtual-npm/lodash/-/lodash-4.17.21.tgz#679591c564c3bffaae8454cf0b3df370c3d6911c"
    integrity sha1-Z5WRxWTDv/quhFTPCz3zcMPWkRw=
  
  lru-cache@^6.0.0:
    version "6.0.0"
    resolved "https://artifactory.eng.medallia.com/api/npm/virtual-npm/lru-cache/-/lru-cache-6.0.0.tgz#6d6fe6570ebd96aaf90fcad1dafa3b2566db3a94"
    integrity sha1-bW/mVw69lqr5D8rR2vo7JWbbOpQ=
    dependencies:
      yallist "^4.0.0"
  
  map-obj@^1.0.0:
    version "1.0.1"
    resolved "https://artifactory.eng.medallia.com/api/npm/virtual-npm/map-obj/-/map-obj-1.0.1.tgz#d933ceb9205d82bdcf4886f6742bdc2b4dea146d"
    integrity sha1-2TPOuSBdgr3PSIb2dCvcK03qFG0=
  
  map-obj@^4.0.0:
    version "4.3.0"
    resolved "https://artifactory.eng.medallia.com/api/npm/virtual-npm/map-obj/-/map-obj-4.3.0.tgz#9304f906e93faae70880da102a9f1df0ea8bb05a"
    integrity sha1-kwT5Buk/qucIgNoQKp8d8OqLsFo=
  
  mathml-tag-names@^2.1.3:
    version "2.1.3"
    resolved "https://artifactory.eng.medallia.com/api/npm/virtual-npm/mathml-tag-names/-/mathml-tag-names-2.1.3.tgz#4ddadd67308e780cf16a47685878ee27b736a0a3"
    integrity sha1-TdrdZzCOeAzxakdoWHjuJ7c2oKM=
  
  meow@^9.0.0:
    version "9.0.0"
    resolved "https://artifactory.eng.medallia.com/api/npm/virtual-npm/meow/-/meow-9.0.0.tgz#cd9510bc5cac9dee7d03c73ee1f9ad959f4ea364"
    integrity sha1-zZUQvFysne59A8c+4fmtlZ9Oo2Q=
    dependencies:
      "@types/minimist" "^1.2.0"
      camelcase-keys "^6.2.2"
      decamelize "^1.2.0"
      decamelize-keys "^1.1.0"
      hard-rejection "^2.1.0"
      minimist-options "4.1.0"
      normalize-package-data "^3.0.0"
      read-pkg-up "^7.0.1"
      redent "^3.0.0"
      trim-newlines "^3.0.0"
      type-fest "^0.18.0"
      yargs-parser "^20.2.3"
  
  merge2@^1.3.0, merge2@^1.4.1:
    version "1.4.1"
    resolved "https://artifactory.eng.medallia.com/api/npm/virtual-npm/merge2/-/merge2-1.4.1.tgz#4368892f885e907455a6fd7dc55c0c9d404990ae"
    integrity sha1-Q2iJL4hekHRVpv19xVwMnUBJkK4=
  
  micromatch@^4.0.4:
    version "4.0.4"
    resolved "https://artifactory.eng.medallia.com/api/npm/virtual-npm/micromatch/-/micromatch-4.0.4.tgz#896d519dfe9db25fce94ceb7a500919bf881ebf9"
    integrity sha1-iW1Rnf6dsl/OlM63pQCRm/iB6/k=
    dependencies:
      braces "^3.0.1"
      picomatch "^2.2.3"
  
  min-indent@^1.0.0:
    version "1.0.1"
    resolved "https://artifactory.eng.medallia.com/api/npm/virtual-npm/min-indent/-/min-indent-1.0.1.tgz#a63f681673b30571fbe8bc25686ae746eefa9869"
    integrity sha1-pj9oFnOzBXH76LwlaGrnRu76mGk=
  
  minimatch@^3.0.4:
    version "3.0.4"
    resolved "https://artifactory.eng.medallia.com/api/npm/virtual-npm/minimatch/-/minimatch-3.0.4.tgz#5166e286457f03306064be5497e8dbb0c3d32083"
    integrity sha1-UWbihkV/AzBgZL5Ul+jbsMPTIIM=
    dependencies:
      brace-expansion "^1.1.7"
  
  minimist-options@4.1.0:
    version "4.1.0"
    resolved "https://artifactory.eng.medallia.com/api/npm/virtual-npm/minimist-options/-/minimist-options-4.1.0.tgz#c0655713c53a8a2ebd77ffa247d342c40f010619"
    integrity sha1-wGVXE8U6ii69d/+iR9NCxA8BBhk=
    dependencies:
      arrify "^1.0.1"
      is-plain-obj "^1.1.0"
      kind-of "^6.0.3"
  
  ms@2.1.2:
    version "2.1.2"
    resolved "https://artifactory.eng.medallia.com/api/npm/virtual-npm/ms/-/ms-2.1.2.tgz#d09d1f357b443f493382a8eb3ccd183872ae6009"
    integrity sha1-0J0fNXtEP0kzgqjrPM0YOHKuYAk=
  
  nanoid@^3.1.30:
    version "3.2.0"
    resolved "https://artifactory.eng.medallia.com/api/npm/virtual-npm/nanoid/-/nanoid-3.2.0.tgz#62667522da6673971cca916a6d3eff3f415ff80c"
    integrity sha1-YmZ1Itpmc5ccypFqbT7/P0Ff+Aw=
  
  normalize-package-data@^2.5.0:
    version "2.5.0"
    resolved "https://artifactory.eng.medallia.com/api/npm/virtual-npm/normalize-package-data/-/normalize-package-data-2.5.0.tgz#e66db1838b200c1dfc233225d12cb36520e234a8"
    integrity sha1-5m2xg4sgDB38IzIl0SyzZSDiNKg=
    dependencies:
      hosted-git-info "^2.1.4"
      resolve "^1.10.0"
      semver "2 || 3 || 4 || 5"
      validate-npm-package-license "^3.0.1"
  
  normalize-package-data@^3.0.0:
    version "3.0.3"
    resolved "https://artifactory.eng.medallia.com/api/npm/virtual-npm/normalize-package-data/-/normalize-package-data-3.0.3.tgz#dbcc3e2da59509a0983422884cd172eefdfa525e"
    integrity sha1-28w+LaWVCaCYNCKITNFy7v36Ul4=
    dependencies:
      hosted-git-info "^4.0.1"
      is-core-module "^2.5.0"
      semver "^7.3.4"
      validate-npm-package-license "^3.0.1"
  
  normalize-path@^3.0.0:
    version "3.0.0"
    resolved "https://artifactory.eng.medallia.com/api/npm/virtual-npm/normalize-path/-/normalize-path-3.0.0.tgz#0dcd69ff23a1c9b11fd0978316644a0388216a65"
    integrity sha1-Dc1p/yOhybEf0JeDFmRKA4ghamU=
  
  normalize-scss@^7.0.1:
    version "7.0.1"
    resolved "https://artifactory.eng.medallia.com/api/npm/virtual-npm/normalize-scss/-/normalize-scss-7.0.1.tgz#74485e82bb5d0526371136422a09fdb868ffc1a4"
    integrity sha1-dEhegrtdBSY3ETZCKgn9uGj/waQ=
  
  normalize-selector@^0.2.0:
    version "0.2.0"
    resolved "https://artifactory.eng.medallia.com/api/npm/virtual-npm/normalize-selector/-/normalize-selector-0.2.0.tgz#d0b145eb691189c63a78d201dc4fdb1293ef0c03"
    integrity sha1-0LFF62kRicY6eNIB3E/bEpPvDAM=
  
  once@^1.3.0:
    version "1.4.0"
    resolved "https://artifactory.eng.medallia.com/api/npm/virtual-npm/once/-/once-1.4.0.tgz#583b1aa775961d4b113ac17d9c50baef9dd76bd1"
    integrity sha1-WDsap3WWHUsROsF9nFC6753Xa9E=
    dependencies:
      wrappy "1"
  
  p-limit@^2.2.0:
    version "2.3.0"
    resolved "https://artifactory.eng.medallia.com/api/npm/virtual-npm/p-limit/-/p-limit-2.3.0.tgz#3dd33c647a214fdfffd835933eb086da0dc21db1"
    integrity sha1-PdM8ZHohT9//2DWTPrCG2g3CHbE=
    dependencies:
      p-try "^2.0.0"
  
  p-locate@^4.1.0:
    version "4.1.0"
    resolved "https://artifactory.eng.medallia.com/api/npm/virtual-npm/p-locate/-/p-locate-4.1.0.tgz#a3428bb7088b3a60292f66919278b7c297ad4f07"
    integrity sha1-o0KLtwiLOmApL2aRkni3wpetTwc=
    dependencies:
      p-limit "^2.2.0"
  
  p-try@^2.0.0:
    version "2.2.0"
    resolved "https://artifactory.eng.medallia.com/api/npm/virtual-npm/p-try/-/p-try-2.2.0.tgz#cb2868540e313d61de58fafbe35ce9004d5540e6"
    integrity sha1-yyhoVA4xPWHeWPr741zpAE1VQOY=
  
  parent-module@^1.0.0:
    version "1.0.1"
    resolved "https://artifactory.eng.medallia.com/api/npm/virtual-npm/parent-module/-/parent-module-1.0.1.tgz#691d2709e78c79fae3a156622452d00762caaaa2"
    integrity sha1-aR0nCeeMefrjoVZiJFLQB2LKqqI=
    dependencies:
      callsites "^3.0.0"
  
  parse-json@^5.0.0:
    version "5.2.0"
    resolved "https://artifactory.eng.medallia.com/api/npm/virtual-npm/parse-json/-/parse-json-5.2.0.tgz#c76fc66dee54231c962b22bcc8a72cf2f99753cd"
    integrity sha1-x2/Gbe5UIxyWKyK8yKcs8vmXU80=
    dependencies:
      "@babel/code-frame" "^7.0.0"
      error-ex "^1.3.1"
      json-parse-even-better-errors "^2.3.0"
      lines-and-columns "^1.1.6"
  
  path-exists@^4.0.0:
    version "4.0.0"
    resolved "https://artifactory.eng.medallia.com/api/npm/virtual-npm/path-exists/-/path-exists-4.0.0.tgz#513bdbe2d3b95d7762e8c1137efa195c6c61b5b3"
    integrity sha1-UTvb4tO5XXdi6METfvoZXGxhtbM=
  
  path-is-absolute@^1.0.0:
    version "1.0.1"
    resolved "https://artifactory.eng.medallia.com/api/npm/virtual-npm/path-is-absolute/-/path-is-absolute-1.0.1.tgz#174b9268735534ffbc7ace6bf53a5a9e1b5c5f5f"
    integrity sha1-F0uSaHNVNP+8es5r9TpanhtcX18=
  
  path-parse@^1.0.7:
    version "1.0.7"
    resolved "https://artifactory.eng.medallia.com/api/npm/virtual-npm/path-parse/-/path-parse-1.0.7.tgz#fbc114b60ca42b30d9daf5858e4bd68bbedb6735"
    integrity sha1-+8EUtgykKzDZ2vWFjkvWi77bZzU=
  
  path-type@^4.0.0:
    version "4.0.0"
    resolved "https://artifactory.eng.medallia.com/api/npm/virtual-npm/path-type/-/path-type-4.0.0.tgz#84ed01c0a7ba380afe09d90a8c180dcd9d03043b"
    integrity sha1-hO0BwKe6OAr+CdkKjBgNzZ0DBDs=
  
  picocolors@^1.0.0:
    version "1.0.0"
    resolved "https://artifactory.eng.medallia.com/api/npm/virtual-npm/picocolors/-/picocolors-1.0.0.tgz#cb5bdc74ff3f51892236eaf79d68bc44564ab81c"
    integrity sha1-y1vcdP8/UYkiNur3nWi8RFZKuBw=
  
  picomatch@^2.2.3:
    version "2.3.1"
    resolved "https://artifactory.eng.medallia.com/api/npm/virtual-npm/picomatch/-/picomatch-2.3.1.tgz#3ba3833733646d9d3e4995946c1365a67fb07a42"
    integrity sha1-O6ODNzNkbZ0+SZWUbBNlpn+wekI=
  
  postcss-media-query-parser@^0.2.3:
    version "0.2.3"
    resolved "https://artifactory.eng.medallia.com/api/npm/virtual-npm/postcss-media-query-parser/-/postcss-media-query-parser-0.2.3.tgz#27b39c6f4d94f81b1a73b8f76351c609e5cef244"
    integrity sha1-J7Ocb02U+Bsac7j3Y1HGCeXO8kQ=
  
  postcss-resolve-nested-selector@^0.1.1:
    version "0.1.1"
    resolved "https://artifactory.eng.medallia.com/api/npm/virtual-npm/postcss-resolve-nested-selector/-/postcss-resolve-nested-selector-0.1.1.tgz#29ccbc7c37dedfac304e9fff0bf1596b3f6a0e4e"
    integrity sha1-Kcy8fDfe36wwTp//C/FZaz9qDk4=
  
  postcss-safe-parser@^6.0.0:
    version "6.0.0"
    resolved "https://artifactory.eng.medallia.com/api/npm/virtual-npm/postcss-safe-parser/-/postcss-safe-parser-6.0.0.tgz#bb4c29894171a94bc5c996b9a30317ef402adaa1"
    integrity sha1-u0wpiUFxqUvFyZa5owMX70Aq2qE=
  
  postcss-scss@^4.0.2:
    version "4.0.3"
    resolved "https://artifactory.eng.medallia.com/api/npm/virtual-npm/postcss-scss/-/postcss-scss-4.0.3.tgz#36c23c19a804274e722e83a54d20b838ab4767ac"
    integrity sha1-NsI8GagEJ05yLoOlTSC4OKtHZ6w=
  
  postcss-selector-parser@^6.0.6, postcss-selector-parser@^6.0.9:
    version "6.0.9"
    resolved "https://artifactory.eng.medallia.com/api/npm/virtual-npm/postcss-selector-parser/-/postcss-selector-parser-6.0.9.tgz#ee71c3b9ff63d9cd130838876c13a2ec1a992b2f"
    integrity sha1-7nHDuf9j2c0TCDiHbBOi7BqZKy8=
    dependencies:
      cssesc "^3.0.0"
      util-deprecate "^1.0.2"
  
  postcss-sorting@^7.0.1:
    version "7.0.1"
    resolved "https://artifactory.eng.medallia.com/api/npm/virtual-npm/postcss-sorting/-/postcss-sorting-7.0.1.tgz#923b5268451cf2d93ebf8835e17a6537757049a5"
    integrity sha1-kjtSaEUc8tk+v4g14XplN3VwSaU=
  
  postcss-value-parser@^4.1.0, postcss-value-parser@^4.2.0:
    version "4.2.0"
    resolved "https://artifactory.eng.medallia.com/api/npm/virtual-npm/postcss-value-parser/-/postcss-value-parser-4.2.0.tgz#723c09920836ba6d3e5af019f92bc0971c02e514"
    integrity sha1-cjwJkgg2um0+WvAZ+SvAlxwC5RQ=
  
  postcss@^8.3.11, postcss@^8.4.5:
    version "8.4.5"
    resolved "https://artifactory.eng.medallia.com/api/npm/virtual-npm/postcss/-/postcss-8.4.5.tgz#bae665764dfd4c6fcc24dc0fdf7e7aa00cc77f95"
    integrity sha1-uuZldk39TG/MJNwP3356oAzHf5U=
    dependencies:
      nanoid "^3.1.30"
      picocolors "^1.0.0"
      source-map-js "^1.0.1"
  
  prettier-linter-helpers@^1.0.0:
    version "1.0.0"
    resolved "https://artifactory.eng.medallia.com/api/npm/virtual-npm/prettier-linter-helpers/-/prettier-linter-helpers-1.0.0.tgz#d23d41fe1375646de2d0104d3454a3008802cf7b"
    integrity sha1-0j1B/hN1ZG3i0BBNNFSjAIgCz3s=
    dependencies:
      fast-diff "^1.1.2"
  
  prettier@^2.5.1:
    version "2.5.1"
    resolved "https://artifactory.eng.medallia.com/api/npm/virtual-npm/prettier/-/prettier-2.5.1.tgz#fff75fa9d519c54cf0fce328c1017d94546bc56a"
    integrity sha1-//dfqdUZxUzw/OMowQF9lFRrxWo=
  
  punycode@^2.1.0:
    version "2.1.1"
    resolved "https://artifactory.eng.medallia.com/api/npm/virtual-npm/punycode/-/punycode-2.1.1.tgz#b58b010ac40c22c5657616c8d2c2c02c7bf479ec"
    integrity sha1-tYsBCsQMIsVldhbI0sLALHv0eew=
  
  queue-microtask@^1.2.2:
    version "1.2.3"
    resolved "https://artifactory.eng.medallia.com/api/npm/virtual-npm/queue-microtask/-/queue-microtask-1.2.3.tgz#4929228bbc724dfac43e0efb058caf7b6cfb6243"
    integrity sha1-SSkii7xyTfrEPg77BYyve2z7YkM=
  
  quick-lru@^4.0.1:
    version "4.0.1"
    resolved "https://artifactory.eng.medallia.com/api/npm/virtual-npm/quick-lru/-/quick-lru-4.0.1.tgz#5b8878f113a58217848c6482026c73e1ba57727f"
    integrity sha1-W4h48ROlgheEjGSCAmxz4bpXcn8=
  
  read-pkg-up@^7.0.1:
    version "7.0.1"
    resolved "https://artifactory.eng.medallia.com/api/npm/virtual-npm/read-pkg-up/-/read-pkg-up-7.0.1.tgz#f3a6135758459733ae2b95638056e1854e7ef507"
    integrity sha1-86YTV1hFlzOuK5VjgFbhhU5+9Qc=
    dependencies:
      find-up "^4.1.0"
      read-pkg "^5.2.0"
      type-fest "^0.8.1"
  
  read-pkg@^5.2.0:
    version "5.2.0"
    resolved "https://artifactory.eng.medallia.com/api/npm/virtual-npm/read-pkg/-/read-pkg-5.2.0.tgz#7bf295438ca5a33e56cd30e053b34ee7250c93cc"
    integrity sha1-e/KVQ4yloz5WzTDgU7NO5yUMk8w=
    dependencies:
      "@types/normalize-package-data" "^2.4.0"
      normalize-package-data "^2.5.0"
      parse-json "^5.0.0"
      type-fest "^0.6.0"
  
  redent@^3.0.0:
    version "3.0.0"
    resolved "https://artifactory.eng.medallia.com/api/npm/virtual-npm/redent/-/redent-3.0.0.tgz#e557b7998316bb53c9f1f56fa626352c6963059f"
    integrity sha1-5Ve3mYMWu1PJ8fVvpiY1LGljBZ8=
    dependencies:
      indent-string "^4.0.0"
      strip-indent "^3.0.0"
  
  require-from-string@^2.0.2:
    version "2.0.2"
    resolved "https://artifactory.eng.medallia.com/api/npm/virtual-npm/require-from-string/-/require-from-string-2.0.2.tgz#89a7fdd938261267318eafe14f9c32e598c36909"
    integrity sha1-iaf92TgmEmcxjq/hT5wy5ZjDaQk=
  
  resolve-from@^4.0.0:
    version "4.0.0"
    resolved "https://artifactory.eng.medallia.com/api/npm/virtual-npm/resolve-from/-/resolve-from-4.0.0.tgz#4abcd852ad32dd7baabfe9b40e00a36db5f392e6"
    integrity sha1-SrzYUq0y3Xuqv+m0DgCjbbXzkuY=
  
  resolve-from@^5.0.0:
    version "5.0.0"
    resolved "https://artifactory.eng.medallia.com/api/npm/virtual-npm/resolve-from/-/resolve-from-5.0.0.tgz#c35225843df8f776df21c57557bc087e9dfdfc69"
    integrity sha1-w1IlhD3493bfIcV1V7wIfp39/Gk=
  
  resolve@^1.10.0:
    version "1.22.0"
    resolved "https://artifactory.eng.medallia.com/api/npm/virtual-npm/resolve/-/resolve-1.22.0.tgz#5e0b8c67c15df57a89bdbabe603a002f21731198"
    integrity sha1-XguMZ8Fd9XqJvbq+YDoALyFzEZg=
    dependencies:
      is-core-module "^2.8.1"
      path-parse "^1.0.7"
      supports-preserve-symlinks-flag "^1.0.0"
  
  reusify@^1.0.4:
    version "1.0.4"
    resolved "https://artifactory.eng.medallia.com/api/npm/virtual-npm/reusify/-/reusify-1.0.4.tgz#90da382b1e126efc02146e90845a88db12925d76"
    integrity sha1-kNo4Kx4SbvwCFG6QhFqI2xKSXXY=
  
  rimraf@^3.0.2:
    version "3.0.2"
    resolved "https://artifactory.eng.medallia.com/api/npm/virtual-npm/rimraf/-/rimraf-3.0.2.tgz#f1a5402ba6220ad52cc1282bac1ae3aa49fd061a"
    integrity sha1-8aVAK6YiCtUswSgrrBrjqkn9Bho=
    dependencies:
      glob "^7.1.3"
  
  run-parallel@^1.1.9:
    version "1.2.0"
    resolved "https://artifactory.eng.medallia.com/api/npm/virtual-npm/run-parallel/-/run-parallel-1.2.0.tgz#66d1368da7bdf921eb9d95bd1a9229e7f21a43ee"
    integrity sha1-ZtE2jae9+SHrnZW9GpIp5/IaQ+4=
    dependencies:
      queue-microtask "^1.2.2"
  
  "semver@2 || 3 || 4 || 5":
    version "5.7.1"
    resolved "https://artifactory.eng.medallia.com/api/npm/virtual-npm/semver/-/semver-5.7.1.tgz#a954f931aeba508d307bbf069eff0c01c96116f7"
    integrity sha1-qVT5Ma66UI0we78Gnv8MAclhFvc=
  
  semver@^7.3.4:
    version "7.3.5"
    resolved "https://artifactory.eng.medallia.com/api/npm/virtual-npm/semver/-/semver-7.3.5.tgz#0b621c879348d8998e4b0e4be94b3f12e6018ef7"
    integrity sha1-C2Ich5NI2JmOSw5L6Us/EuYBjvc=
    dependencies:
      lru-cache "^6.0.0"
  
  signal-exit@^3.0.2:
    version "3.0.6"
    resolved "https://artifactory.eng.medallia.com/api/npm/virtual-npm/signal-exit/-/signal-exit-3.0.6.tgz#24e630c4b0f03fea446a2bd299e62b4a6ca8d0af"
    integrity sha1-JOYwxLDwP+pEaivSmeYrSmyo0K8=
  
  slash@^3.0.0:
    version "3.0.0"
    resolved "https://artifactory.eng.medallia.com/api/npm/virtual-npm/slash/-/slash-3.0.0.tgz#6539be870c165adbd5240220dbe361f1bc4d4634"
    integrity sha1-ZTm+hwwWWtvVJAIg2+Nh8bxNRjQ=
  
  slice-ansi@^4.0.0:
    version "4.0.0"
    resolved "https://artifactory.eng.medallia.com/api/npm/virtual-npm/slice-ansi/-/slice-ansi-4.0.0.tgz#500e8dd0fd55b05815086255b3195adf2a45fe6b"
    integrity sha1-UA6N0P1VsFgVCGJVsxla3ypF/ms=
    dependencies:
      ansi-styles "^4.0.0"
      astral-regex "^2.0.0"
      is-fullwidth-code-point "^3.0.0"
  
  source-map-js@^1.0.1:
    version "1.0.2"
    resolved "https://artifactory.eng.medallia.com/api/npm/virtual-npm/source-map-js/-/source-map-js-1.0.2.tgz#adbc361d9c62df380125e7f161f71c826f1e490c"
    integrity sha1-rbw2HZxi3zgBJefxYfccgm8eSQw=
  
  spdx-correct@^3.0.0:
    version "3.1.1"
    resolved "https://artifactory.eng.medallia.com/api/npm/virtual-npm/spdx-correct/-/spdx-correct-3.1.1.tgz#dece81ac9c1e6713e5f7d1b6f17d468fa53d89a9"
    integrity sha1-3s6BrJweZxPl99G28X1Gj6U9iak=
    dependencies:
      spdx-expression-parse "^3.0.0"
      spdx-license-ids "^3.0.0"
  
  spdx-exceptions@^2.1.0:
    version "2.3.0"
    resolved "https://artifactory.eng.medallia.com/api/npm/virtual-npm/spdx-exceptions/-/spdx-exceptions-2.3.0.tgz#3f28ce1a77a00372683eade4a433183527a2163d"
    integrity sha1-PyjOGnegA3JoPq3kpDMYNSeiFj0=
  
  spdx-expression-parse@^3.0.0:
    version "3.0.1"
    resolved "https://artifactory.eng.medallia.com/api/npm/virtual-npm/spdx-expression-parse/-/spdx-expression-parse-3.0.1.tgz#cf70f50482eefdc98e3ce0a6833e4a53ceeba679"
    integrity sha1-z3D1BILu/cmOPOCmgz5KU87rpnk=
    dependencies:
      spdx-exceptions "^2.1.0"
      spdx-license-ids "^3.0.0"
  
  spdx-license-ids@^3.0.0:
    version "3.0.11"
    resolved "https://artifactory.eng.medallia.com/api/npm/virtual-npm/spdx-license-ids/-/spdx-license-ids-3.0.11.tgz#50c0d8c40a14ec1bf449bae69a0ea4685a9d9f95"
    integrity sha1-UMDYxAoU7Bv0Sbrmmg6kaFqdn5U=
  
  specificity@^0.4.1:
    version "0.4.1"
    resolved "https://artifactory.eng.medallia.com/api/npm/virtual-npm/specificity/-/specificity-0.4.1.tgz#aab5e645012db08ba182e151165738d00887b019"
    integrity sha1-qrXmRQEtsIuhguFRFlc40AiHsBk=
  
  string-width@^4.2.3:
    version "4.2.3"
    resolved "https://artifactory.eng.medallia.com/api/npm/virtual-npm/string-width/-/string-width-4.2.3.tgz#269c7117d27b05ad2e536830a8ec895ef9c6d010"
    integrity sha1-JpxxF9J7Ba0uU2gwqOyJXvnG0BA=
    dependencies:
      emoji-regex "^8.0.0"
      is-fullwidth-code-point "^3.0.0"
      strip-ansi "^6.0.1"
  
  strip-ansi@^6.0.1:
    version "6.0.1"
    resolved "https://artifactory.eng.medallia.com/api/npm/virtual-npm/strip-ansi/-/strip-ansi-6.0.1.tgz#9e26c63d30f53443e9489495b2105d37b67a85d9"
    integrity sha1-nibGPTD1NEPpSJSVshBdN7Z6hdk=
    dependencies:
      ansi-regex "^5.0.1"
  
  strip-indent@^3.0.0:
    version "3.0.0"
    resolved "https://artifactory.eng.medallia.com/api/npm/virtual-npm/strip-indent/-/strip-indent-3.0.0.tgz#c32e1cee940b6b3432c771bc2c54bcce73cd3001"
    integrity sha1-wy4c7pQLazQyx3G8LFS8znPNMAE=
    dependencies:
      min-indent "^1.0.0"
  
  style-search@^0.1.0:
    version "0.1.0"
    resolved "https://artifactory.eng.medallia.com/api/npm/virtual-npm/style-search/-/style-search-0.1.0.tgz#7958c793e47e32e07d2b5cafe5c0bf8e12e77902"
    integrity sha1-eVjHk+R+MuB9K1yv5cC/jhLneQI=
  
  stylelint-config-prettier@^9.0.3:
    version "9.0.3"
    resolved "https://artifactory.eng.medallia.com/api/npm/virtual-npm/stylelint-config-prettier/-/stylelint-config-prettier-9.0.3.tgz#0dccebeff359dcc393c9229184408b08964d561c"
    integrity sha1-Dczr7/NZ3MOTySKRhECLCJZNVhw=
  
  stylelint-config-sass-guidelines@^9.0.1:
    version "9.0.1"
    resolved "https://artifactory.eng.medallia.com/api/npm/virtual-npm/stylelint-config-sass-guidelines/-/stylelint-config-sass-guidelines-9.0.1.tgz#3114ce780f2085ba9ea5da2b7d97a1e85e968fa7"
    integrity sha1-MRTOeA8ghbqepdorfZeh6F6Wj6c=
    dependencies:
      postcss-scss "^4.0.2"
      stylelint-order "^5.0.0"
      stylelint-scss "^4.0.0"
  
  stylelint-order@^5.0.0:
    version "5.0.0"
    resolved "https://artifactory.eng.medallia.com/api/npm/virtual-npm/stylelint-order/-/stylelint-order-5.0.0.tgz#abd20f6b85ac640774cbe40e70d3fe9c6fdf4400"
    integrity sha1-q9IPa4WsZAd0y+QOcNP+nG/fRAA=
    dependencies:
      postcss "^8.3.11"
      postcss-sorting "^7.0.1"
  
  stylelint-prettier@^2.0.0:
    version "2.0.0"
    resolved "https://artifactory.eng.medallia.com/api/npm/virtual-npm/stylelint-prettier/-/stylelint-prettier-2.0.0.tgz#ead781aea522379f2ffa2d136bafdfc451d699a5"
    integrity sha1-6teBrqUiN58v+i0Ta6/fxFHWmaU=
    dependencies:
      prettier-linter-helpers "^1.0.0"
  
  stylelint-scss@^4.0.0:
    version "4.1.0"
    resolved "https://artifactory.eng.medallia.com/api/npm/virtual-npm/stylelint-scss/-/stylelint-scss-4.1.0.tgz#39b808696f8152081163d970449257ff80b5c041"
    integrity sha1-ObgIaW+BUggRY9lwRJJX/4C1wEE=
    dependencies:
      lodash "^4.17.21"
      postcss-media-query-parser "^0.2.3"
      postcss-resolve-nested-selector "^0.1.1"
      postcss-selector-parser "^6.0.6"
      postcss-value-parser "^4.1.0"
  
  stylelint@^14.3.0:
    version "14.3.0"
    resolved "https://artifactory.eng.medallia.com/api/npm/virtual-npm/stylelint/-/stylelint-14.3.0.tgz#26b62730da7b3dc320021fc469d80048d7b77ebe"
    integrity sha1-JrYnMNp7PcMgAh/EadgASNe3fr4=
    dependencies:
      balanced-match "^2.0.0"
      colord "^2.9.2"
      cosmiconfig "^7.0.1"
      debug "^4.3.3"
      execall "^2.0.0"
      fast-glob "^3.2.11"
      fastest-levenshtein "^1.0.12"
      file-entry-cache "^6.0.1"
      get-stdin "^8.0.0"
      global-modules "^2.0.0"
      globby "^11.1.0"
      globjoin "^0.1.4"
      html-tags "^3.1.0"
      ignore "^5.2.0"
      import-lazy "^4.0.0"
      imurmurhash "^0.1.4"
      is-plain-object "^5.0.0"
      known-css-properties "^0.24.0"
      mathml-tag-names "^2.1.3"
      meow "^9.0.0"
      micromatch "^4.0.4"
      normalize-path "^3.0.0"
      normalize-selector "^0.2.0"
      picocolors "^1.0.0"
      postcss "^8.4.5"
      postcss-media-query-parser "^0.2.3"
      postcss-resolve-nested-selector "^0.1.1"
      postcss-safe-parser "^6.0.0"
      postcss-selector-parser "^6.0.9"
      postcss-value-parser "^4.2.0"
      resolve-from "^5.0.0"
      specificity "^0.4.1"
      string-width "^4.2.3"
      strip-ansi "^6.0.1"
      style-search "^0.1.0"
      supports-hyperlinks "^2.2.0"
      svg-tags "^1.0.0"
      table "^6.8.0"
      v8-compile-cache "^2.3.0"
      write-file-atomic "^4.0.0"
  
  supports-color@^5.3.0:
    version "5.5.0"
    resolved "https://artifactory.eng.medallia.com/api/npm/virtual-npm/supports-color/-/supports-color-5.5.0.tgz#e2e69a44ac8772f78a1ec0b35b689df6530efc8f"
    integrity sha1-4uaaRKyHcveKHsCzW2id9lMO/I8=
    dependencies:
      has-flag "^3.0.0"
  
  supports-color@^7.0.0:
    version "7.2.0"
    resolved "https://artifactory.eng.medallia.com/api/npm/virtual-npm/supports-color/-/supports-color-7.2.0.tgz#1b7dcdcb32b8138801b3e478ba6a51caa89648da"
    integrity sha1-G33NyzK4E4gBs+R4umpRyqiWSNo=
    dependencies:
      has-flag "^4.0.0"
  
  supports-hyperlinks@^2.2.0:
    version "2.2.0"
    resolved "https://artifactory.eng.medallia.com/api/npm/virtual-npm/supports-hyperlinks/-/supports-hyperlinks-2.2.0.tgz#4f77b42488765891774b70c79babd87f9bd594bb"
    integrity sha1-T3e0JIh2WJF3S3DHm6vYf5vVlLs=
    dependencies:
      has-flag "^4.0.0"
      supports-color "^7.0.0"
  
  supports-preserve-symlinks-flag@^1.0.0:
    version "1.0.0"
    resolved "https://artifactory.eng.medallia.com/api/npm/virtual-npm/supports-preserve-symlinks-flag/-/supports-preserve-symlinks-flag-1.0.0.tgz#6eda4bd344a3c94aea376d4cc31bc77311039e09"
    integrity sha1-btpL00SjyUrqN21MwxvHcxEDngk=
  
  svg-tags@^1.0.0:
    version "1.0.0"
    resolved "https://artifactory.eng.medallia.com/api/npm/virtual-npm/svg-tags/-/svg-tags-1.0.0.tgz#58f71cee3bd519b59d4b2a843b6c7de64ac04764"
    integrity sha1-WPcc7jvVGbWdSyqEO2x95krAR2Q=
  
  table@^6.8.0:
    version "6.8.0"
    resolved "https://artifactory.eng.medallia.com/api/npm/virtual-npm/table/-/table-6.8.0.tgz#87e28f14fa4321c3377ba286f07b79b281a3b3ca"
    integrity sha1-h+KPFPpDIcM3e6KG8Ht5soGjs8o=
    dependencies:
      ajv "^8.0.1"
      lodash.truncate "^4.4.2"
      slice-ansi "^4.0.0"
      string-width "^4.2.3"
      strip-ansi "^6.0.1"
  
  to-regex-range@^5.0.1:
    version "5.0.1"
    resolved "https://artifactory.eng.medallia.com/api/npm/virtual-npm/to-regex-range/-/to-regex-range-5.0.1.tgz#1648c44aae7c8d988a326018ed72f5b4dd0392e4"
    integrity sha1-FkjESq58jZiKMmAY7XL1tN0DkuQ=
    dependencies:
      is-number "^7.0.0"
  
  trim-newlines@^3.0.0:
    version "3.0.1"
    resolved "https://artifactory.eng.medallia.com/api/npm/virtual-npm/trim-newlines/-/trim-newlines-3.0.1.tgz#260a5d962d8b752425b32f3a7db0dcacd176c144"
    integrity sha1-Jgpdli2LdSQlsy86fbDcrNF2wUQ=
  
  type-fest@^0.18.0:
    version "0.18.1"
    resolved "https://artifactory.eng.medallia.com/api/npm/virtual-npm/type-fest/-/type-fest-0.18.1.tgz#db4bc151a4a2cf4eebf9add5db75508db6cc841f"
    integrity sha1-20vBUaSiz07r+a3V23VQjbbMhB8=
  
  type-fest@^0.6.0:
    version "0.6.0"
    resolved "https://artifactory.eng.medallia.com/api/npm/virtual-npm/type-fest/-/type-fest-0.6.0.tgz#8d2a2370d3df886eb5c90ada1c5bf6188acf838b"
    integrity sha1-jSojcNPfiG61yQraHFv2GIrPg4s=
  
  type-fest@^0.8.1:
    version "0.8.1"
    resolved "https://artifactory.eng.medallia.com/api/npm/virtual-npm/type-fest/-/type-fest-0.8.1.tgz#09e249ebde851d3b1e48d27c105444667f17b83d"
    integrity sha1-CeJJ696FHTseSNJ8EFREZn8XuD0=
  
  typedarray-to-buffer@^4.0.0:
    version "4.0.0"
    resolved "https://artifactory.eng.medallia.com/api/npm/virtual-npm/typedarray-to-buffer/-/typedarray-to-buffer-4.0.0.tgz#cdd2933c61dd3f5f02eda5d012d441f95bfeb50a"
    integrity sha1-zdKTPGHdP18C7aXQEtRB+Vv+tQo=
  
  uri-js@^4.2.2:
    version "4.4.1"
    resolved "https://artifactory.eng.medallia.com/api/npm/virtual-npm/uri-js/-/uri-js-4.4.1.tgz#9b1a52595225859e55f669d928f88c6c57f2a77e"
    integrity sha1-mxpSWVIlhZ5V9mnZKPiMbFfyp34=
    dependencies:
      punycode "^2.1.0"
  
  util-deprecate@^1.0.2:
    version "1.0.2"
    resolved "https://artifactory.eng.medallia.com/api/npm/virtual-npm/util-deprecate/-/util-deprecate-1.0.2.tgz#450d4dc9fa70de732762fbd2d4a28981419a0ccf"
    integrity sha1-RQ1Nyfpw3nMnYvvS1KKJgUGaDM8=
  
  v8-compile-cache@^2.3.0:
    version "2.3.0"
    resolved "https://artifactory.eng.medallia.com/api/npm/virtual-npm/v8-compile-cache/-/v8-compile-cache-2.3.0.tgz#2de19618c66dc247dcfb6f99338035d8245a2cee"
    integrity sha1-LeGWGMZtwkfc+2+ZM4A12CRaLO4=
  
  validate-npm-package-license@^3.0.1:
    version "3.0.4"
    resolved "https://artifactory.eng.medallia.com/api/npm/virtual-npm/validate-npm-package-license/-/validate-npm-package-license-3.0.4.tgz#fc91f6b9c7ba15c857f4cb2c5defeec39d4f410a"
    integrity sha1-/JH2uce6FchX9MssXe/uw51PQQo=
    dependencies:
      spdx-correct "^3.0.0"
      spdx-expression-parse "^3.0.0"
  
  which@^1.3.1:
    version "1.3.1"
    resolved "https://artifactory.eng.medallia.com/api/npm/virtual-npm/which/-/which-1.3.1.tgz#a45043d54f5805316da8d62f9f50918d3da70b0a"
    integrity sha1-pFBD1U9YBTFtqNYvn1CRjT2nCwo=
    dependencies:
      isexe "^2.0.0"
  
  wrappy@1:
    version "1.0.2"
    resolved "https://artifactory.eng.medallia.com/api/npm/virtual-npm/wrappy/-/wrappy-1.0.2.tgz#b5243d8f3ec1aa35f1364605bc0d1036e30ab69f"
    integrity sha1-tSQ9jz7BqjXxNkYFvA0QNuMKtp8=
  
  write-file-atomic@^4.0.0:
    version "4.0.0"
    resolved "https://artifactory.eng.medallia.com/api/npm/virtual-npm/write-file-atomic/-/write-file-atomic-4.0.0.tgz#0eff5dc687d3e22535ca3fca8558124645a4b053"
    integrity sha1-Dv9dxofT4iU1yj/KhVgSRkWksFM=
    dependencies:
      imurmurhash "^0.1.4"
      is-typedarray "^1.0.0"
      signal-exit "^3.0.2"
      typedarray-to-buffer "^4.0.0"
  
  yallist@^4.0.0:
    version "4.0.0"
    resolved "https://artifactory.eng.medallia.com/api/npm/virtual-npm/yallist/-/yallist-4.0.0.tgz#9bb92790d9c0effec63be73519e11a35019a3a72"
    integrity sha1-m7knkNnA7/7GO+c1GeEaNQGaOnI=
  
  yaml@^1.10.0:
    version "1.10.2"
    resolved "https://artifactory.eng.medallia.com/api/npm/virtual-npm/yaml/-/yaml-1.10.2.tgz#2301c5ffbf12b467de8da2333a459e29e7920e4b"
    integrity sha1-IwHF/78StGfejaIzOkWeKeeSDks=
  
  yargs-parser@^20.2.3:
    version "20.2.9"
    resolved "https://artifactory.eng.medallia.com/api/npm/virtual-npm/yargs-parser/-/yargs-parser-20.2.9.tgz#2eb7dc3b0289718fc295f362753845c41a0c94ee"
    integrity sha1-LrfcOwKJcY/ClfNidThFxBoMlO4=
